<?xml version="1.0" encoding="UTF-8"?>
<testsuite name="Basic Smoke Tests" tests="3" skipped="0" failures="0" errors="0" timestamp="2025-08-06T12:27:14" hostname="DESKTOP-PFEQEJL" time="0.129">
  <properties/>
  <testcase name="Application should start without errors" classname="com.example.smoke.BasicSmokeTest" time="0.129"/>
  <testcase name="Core functionality should be available" classname="com.example.smoke.BasicSmokeTest" time="0.134"/>
  <testcase name="Database connection should be established" classname="com.example.smoke.BasicSmokeTest" time="0.135"/>
  <system-out><![CDATA[]]></system-out>
  <system-err><![CDATA[]]></system-err>
</testsuite>
