<?xml version="1.0" encoding="UTF-8"?>
<testsuite name="Core Feature Sanity Tests" tests="4" skipped="0" failures="0" errors="0" timestamp="2025-08-06T12:27:14" hostname="DESKTOP-PFEQEJL" time="0.149">
  <properties/>
  <testcase name="Authentication should work correctly" classname="com.example.sanity.CoreFeatureSanityTest" time="0.136"/>
  <testcase name="Main business logic should function properly" classname="com.example.sanity.CoreFeatureSanityTest" time="0.129"/>
  <testcase name="API endpoints should respond correctly" classname="com.example.sanity.CoreFeatureSanityTest" time="0.001"/>
  <testcase name="User registration workflow should work" classname="com.example.sanity.CoreFeatureSanityTest" time="0.011"/>
  <system-out><![CDATA[]]></system-out>
  <system-err><![CDATA[]]></system-err>
</testsuite>
